# JRE version: Java(TM) SE Runtime Environment (8.0_45-b15) (build 1.8.0_45-b15)
# Java VM: Java HotSpot(TM) 64-Bit Server VM (25.45-b02 mixed mode windows-amd64 compressed oops)
Heap:
 PSYoungGen      total 476160K, used 85835K [0x000000076b200000, 0x000000078b900000, 0x00000007c0000000)
  eden space 456192K, 18% used [0x000000076b200000,0x00000007705d2c20,0x0000000786f80000)
  from space 19968K, 0% used [0x0000000788180000,0x0000000788180000,0x0000000789500000)
  to   space 18432K, 0% used [0x0000000786f80000,0x0000000786f80000,0x0000000788180000)
 ParOldGen       total 115712K, used 19798K [0x00000006c1600000, 0x00000006c8700000, 0x000000076b200000)
  object space 115712K, 17% used [0x00000006c1600000,0x00000006c2955978,0x00000006c8700000)
 Metaspace       used 39087K, capacity 39482K, committed 39936K, reserved 1083392K
  class space    used 4959K, capacity 5047K, committed 5120K, reserved 1048576K
GC Heap History (10 events):
Event: 2.943 GC heap before
{Heap before GC invocations=4 (full 1):
 PSYoungGen      total 141824K, used 10720K [0x000000076b200000, 0x000000077c700000, 0x00000007c0000000)
  eden space 131072K, 0% used [0x000000076b200000,0x000000076b200000,0x0000000773200000)
  from space 10752K, 99% used [0x0000000773200000,0x0000000773c781f8,0x0000000773c80000)
  to   space 10752K, 0% used [0x000000077bc80000,0x000000077bc80000,0x000000077c700000)
 ParOldGen       total 175104K, used 4458K [0x00000006c1600000, 0x00000006cc100000, 0x000000076b200000)
  object space 175104K, 2% used [0x00000006c1600000,0x00000006c1a5aa98,0x00000006cc100000)
 Metaspace       used 21018K, capacity 21148K, committed 21296K, reserved 1069056K
  class space    used 2617K, capacity 2643K, committed 2688K, reserved 1048576K
Event: 2.992 GC heap after
Heap after GC invocations=4 (full 1):
 PSYoungGen      total 141824K, used 0K [0x000000076b200000, 0x000000077c700000, 0x00000007c0000000)
  eden space 131072K, 0% used [0x000000076b200000,0x000000076b200000,0x0000000773200000)
  from space 10752K, 0% used [0x0000000773200000,0x0000000773200000,0x0000000773c80000)
  to   space 10752K, 0% used [0x000000077bc80000,0x000000077bc80000,0x000000077c700000)
 ParOldGen       total 90624K, used 13728K [0x00000006c1600000, 0x00000006c6e80000, 0x000000076b200000)
  object space 90624K, 15% used [0x00000006c1600000,0x00000006c2368140,0x00000006c6e80000)
 Metaspace       used 21018K, capacity 21148K, committed 21296K, reserved 1069056K
  class space    used 2617K, capacity 2643K, committed 2688K, reserved 1048576K
}
Event: 4.295 GC heap before
{Heap before GC invocations=5 (full 1):
 PSYoungGen      total 141824K, used 130690K [0x000000076b200000, 0x000000077c700000, 0x00000007c0000000)
  eden space 131072K, 99% used [0x000000076b200000,0x00000007731a08f8,0x0000000773200000)
  from space 10752K, 0% used [0x0000000773200000,0x0000000773200000,0x0000000773c80000)
  to   space 10752K, 0% used [0x000000077bc80000,0x000000077bc80000,0x000000077c700000)
 ParOldGen       total 90624K, used 13728K [0x00000006c1600000, 0x00000006c6e80000, 0x000000076b200000)
  object space 90624K, 15% used [0x00000006c1600000,0x00000006c2368140,0x00000006c6e80000)
 Metaspace       used 25672K, capacity 25894K, committed 25984K, reserved 1073152K
  class space    used 3134K, capacity 3194K, committed 3200K, reserved 1048576K
Event: 4.320 GC heap after
Heap after GC invocations=5 (full 1):
 PSYoungGen      total 252416K, used 7128K [0x000000076b200000, 0x000000077c380000, 0x00000007c0000000)
  eden space 245248K, 0% used [0x000000076b200000,0x000000076b200000,0x000000077a180000)
  from space 7168K, 99% used [0x000000077bc80000,0x000000077c376278,0x000000077c380000)
  to   space 10752K, 0% used [0x000000077ae80000,0x000000077ae80000,0x000000077b900000)
 ParOldGen       total 90624K, used 13736K [0x00000006c1600000, 0x00000006c6e80000, 0x000000076b200000)
  object space 90624K, 15% used [0x00000006c1600000,0x00000006c236a140,0x00000006c6e80000)
 Metaspace       used 25672K, capacity 25894K, committed 25984K, reserved 1073152K
  class space    used 3134K, capacity 3194K, committed 3200K, reserved 1048576K
}
Event: 6.708 GC heap before
{Heap before GC invocations=6 (full 1):
 PSYoungGen      total 252416K, used 252376K [0x000000076b200000, 0x000000077c380000, 0x00000007c0000000)
  eden space 245248K, 100% used [0x000000076b200000,0x000000077a180000,0x000000077a180000)
  from space 7168K, 99% used [0x000000077bc80000,0x000000077c376278,0x000000077c380000)
  to   space 10752K, 0% used [0x000000077ae80000,0x000000077ae80000,0x000000077b900000)
 ParOldGen       total 90624K, used 13736K [0x00000006c1600000, 0x00000006c6e80000, 0x000000076b200000)
  object space 90624K, 15% used [0x00000006c1600000,0x00000006c236a140,0x00000006c6e80000)
 Metaspace       used 34490K, capacity 34866K, committed 35200K, reserved 1079296K
  class space    used 4283K, capacity 4367K, committed 4480K, reserved 1048576K
Event: 6.839 GC heap after
Heap after GC invocations=6 (full 1):
 PSYoungGen      total 269312K, used 10733K [0x000000076b200000, 0x0000000789500000, 0x00000007c0000000)
  eden space 258560K, 0% used [0x000000076b200000,0x000000076b200000,0x000000077ae80000)
  from space 10752K, 99% used [0x000000077ae80000,0x000000077b8fb4c8,0x000000077b900000)
  to   space 19968K, 0% used [0x0000000788180000,0x0000000788180000,0x0000000789500000)
 ParOldGen       total 90624K, used 19037K [0x00000006c1600000, 0x00000006c6e80000, 0x000000076b200000)
  object space 90624K, 21% used [0x00000006c1600000,0x00000006c28975c8,0x00000006c6e80000)
 Metaspace       used 34490K, capacity 34866K, committed 35200K, reserved 1079296K
  class space    used 4283K, capacity 4367K, committed 4480K, reserved 1048576K
}
Event: 6.900 GC heap before
{Heap before GC invocations=7 (full 1):
 PSYoungGen      total 269312K, used 21146K [0x000000076b200000, 0x0000000789500000, 0x00000007c0000000)
  eden space 258560K, 4% used [0x000000076b200000,0x000000076bc2b530,0x000000077ae80000)
  from space 10752K, 99% used [0x000000077ae80000,0x000000077b8fb4c8,0x000000077b900000)
  to   space 19968K, 0% used [0x0000000788180000,0x0000000788180000,0x0000000789500000)
 ParOldGen       total 90624K, used 19037K [0x00000006c1600000, 0x00000006c6e80000, 0x000000076b200000)
  object space 90624K, 21% used [0x00000006c1600000,0x00000006c28975c8,0x00000006c6e80000)
 Metaspace       used 34892K, capacity 35288K, committed 35456K, reserved 1081344K
  class space    used 4359K, capacity 4464K, committed 4480K, reserved 1048576K
Event: 6.943 GC heap after
Heap after GC invocations=7 (full 1):
 PSYoungGen      total 476160K, used 11229K [0x000000076b200000, 0x000000078b900000, 0x00000007c0000000)
  eden space 456192K, 0% used [0x000000076b200000,0x000000076b200000,0x0000000786f80000)
  from space 19968K, 56% used [0x0000000788180000,0x0000000788c774b8,0x0000000789500000)
  to   space 18432K, 0% used [0x0000000786f80000,0x0000000786f80000,0x0000000788180000)
 ParOldGen       total 90624K, used 19045K [0x00000006c1600000, 0x00000006c6e80000, 0x000000076b200000)
  object space 90624K, 21% used [0x00000006c1600000,0x00000006c28995c8,0x00000006c6e80000)
 Metaspace       used 34892K, capacity 35288K, committed 35456K, reserved 1081344K
  class space    used 4359K, capacity 4464K, committed 4480K, reserved 1048576K
}
Event: 6.943 GC heap before
{Heap before GC invocations=8 (full 2):
 PSYoungGen      total 476160K, used 11229K [0x000000076b200000, 0x000000078b900000, 0x00000007c0000000)
  eden space 456192K, 0% used [0x000000076b200000,0x000000076b200000,0x0000000786f80000)
  from space 19968K, 56% used [0x0000000788180000,0x0000000788c774b8,0x0000000789500000)
  to   space 18432K, 0% used [0x0000000786f80000,0x0000000786f80000,0x0000000788180000)
 ParOldGen       total 90624K, used 19045K [0x00000006c1600000, 0x00000006c6e80000, 0x000000076b200000)
  object space 90624K, 21% used [0x00000006c1600000,0x00000006c28995c8,0x00000006c6e80000)
 Metaspace       used 34892K, capacity 35288K, committed 35456K, reserved 1081344K
  class space    used 4359K, capacity 4464K, committed 4480K, reserved 1048576K
Event: 7.316 GC heap after
Heap after GC invocations=8 (full 2):
 PSYoungGen      total 476160K, used 0K [0x000000076b200000, 0x000000078b900000, 0x00000007c0000000)
  eden space 456192K, 0% used [0x000000076b200000,0x000000076b200000,0x0000000786f80000)
  from space 19968K, 0% used [0x0000000788180000,0x0000000788180000,0x0000000789500000)
  to   space 18432K, 0% used [0x0000000786f80000,0x0000000786f80000,0x0000000788180000)
 ParOldGen       total 115712K, used 19798K [0x00000006c1600000, 0x00000006c8700000, 0x000000076b200000)
  object space 115712K, 17% used [0x00000006c1600000,0x00000006c2955978,0x00000006c8700000)
 Metaspace       used 34892K, capacity 35288K, committed 35456K, reserved 1081344K
  class space    used 4359K, capacity 4464K, committed 4480K, reserved 1048576K
}

