# JRE version: Java(TM) SE Runtime Environment (8.0_45-b15) (build 1.8.0_45-b15)
# Java VM: Java HotSpot(TM) 64-Bit Server VM (25.45-b02 mixed mode windows-amd64 compressed oops)
Heap:
 PSYoungGen      total 228352K, used 43099K [0x000000076b200000, 0x000000077c380000, 0x00000007c0000000)
  eden space 217600K, 14% used [0x000000076b200000,0x000000076d199258,0x0000000778680000)
  from space 10752K, 99% used [0x000000077ae80000,0x000000077b8fd9e0,0x000000077b900000)
  to   space 7168K, 0% used [0x000000077bc80000,0x000000077bc80000,0x000000077c380000)
 ParOldGen       total 100864K, used 14931K [0x00000006c1600000, 0x00000006c7880000, 0x000000076b200000)
  object space 100864K, 14% used [0x00000006c1600000,0x00000006c2494c20,0x00000006c7880000)
 Metaspace       used 27936K, capacity 28150K, committed 28544K, reserved 1075200K
  class space    used 3551K, capacity 3628K, committed 3712K, reserved 1048576K
GC Heap History (10 events):
Event: 1.419 GC heap before
{Heap before GC invocations=2 (full 0):
 PSYoungGen      total 76288K, used 71942K [0x000000076b200000, 0x0000000774700000, 0x00000007c0000000)
  eden space 65536K, 100% used [0x000000076b200000,0x000000076f200000,0x000000076f200000)
  from space 10752K, 59% used [0x000000076f200000,0x000000076f841be0,0x000000076fc80000)
  to   space 10752K, 0% used [0x0000000773c80000,0x0000000773c80000,0x0000000774700000)
 ParOldGen       total 175104K, used 8K [0x00000006c1600000, 0x00000006cc100000, 0x000000076b200000)
  object space 175104K, 0% used [0x00000006c1600000,0x00000006c1602000,0x00000006cc100000)
 Metaspace       used 17411K, capacity 17618K, committed 17920K, reserved 1064960K
  class space    used 2159K, capacity 2219K, committed 2304K, reserved 1048576K
Event: 1.431 GC heap after
Heap after GC invocations=2 (full 0):
 PSYoungGen      total 141824K, used 10723K [0x000000076b200000, 0x0000000774700000, 0x00000007c0000000)
  eden space 131072K, 0% used [0x000000076b200000,0x000000076b200000,0x0000000773200000)
  from space 10752K, 99% used [0x0000000773c80000,0x00000007746f8ff0,0x0000000774700000)
  to   space 10752K, 0% used [0x0000000773200000,0x0000000773200000,0x0000000773c80000)
 ParOldGen       total 175104K, used 2561K [0x00000006c1600000, 0x00000006cc100000, 0x000000076b200000)
  object space 175104K, 1% used [0x00000006c1600000,0x00000006c18807c8,0x00000006cc100000)
 Metaspace       used 17411K, capacity 17618K, committed 17920K, reserved 1064960K
  class space    used 2159K, capacity 2219K, committed 2304K, reserved 1048576K
}
Event: 1.880 GC heap before
{Heap before GC invocations=3 (full 0):
 PSYoungGen      total 141824K, used 73046K [0x000000076b200000, 0x0000000774700000, 0x00000007c0000000)
  eden space 131072K, 47% used [0x000000076b200000,0x000000076eedcbe0,0x0000000773200000)
  from space 10752K, 99% used [0x0000000773c80000,0x00000007746f8ff0,0x0000000774700000)
  to   space 10752K, 0% used [0x0000000773200000,0x0000000773200000,0x0000000773c80000)
 ParOldGen       total 175104K, used 2561K [0x00000006c1600000, 0x00000006cc100000, 0x000000076b200000)
  object space 175104K, 1% used [0x00000006c1600000,0x00000006c18807c8,0x00000006cc100000)
 Metaspace       used 20912K, capacity 21096K, committed 21296K, reserved 1069056K
  class space    used 2635K, capacity 2671K, committed 2688K, reserved 1048576K
Event: 1.887 GC heap after
Heap after GC invocations=3 (full 0):
 PSYoungGen      total 141824K, used 10741K [0x000000076b200000, 0x000000077c700000, 0x00000007c0000000)
  eden space 131072K, 0% used [0x000000076b200000,0x000000076b200000,0x0000000773200000)
  from space 10752K, 99% used [0x0000000773200000,0x0000000773c7d428,0x0000000773c80000)
  to   space 10752K, 0% used [0x000000077bc80000,0x000000077bc80000,0x000000077c700000)
 ParOldGen       total 175104K, used 3099K [0x00000006c1600000, 0x00000006cc100000, 0x000000076b200000)
  object space 175104K, 1% used [0x00000006c1600000,0x00000006c1906ca8,0x00000006cc100000)
 Metaspace       used 20912K, capacity 21096K, committed 21296K, reserved 1069056K
  class space    used 2635K, capacity 2671K, committed 2688K, reserved 1048576K
}
Event: 1.887 GC heap before
{Heap before GC invocations=4 (full 1):
 PSYoungGen      total 141824K, used 10741K [0x000000076b200000, 0x000000077c700000, 0x00000007c0000000)
  eden space 131072K, 0% used [0x000000076b200000,0x000000076b200000,0x0000000773200000)
  from space 10752K, 99% used [0x0000000773200000,0x0000000773c7d428,0x0000000773c80000)
  to   space 10752K, 0% used [0x000000077bc80000,0x000000077bc80000,0x000000077c700000)
 ParOldGen       total 175104K, used 3099K [0x00000006c1600000, 0x00000006cc100000, 0x000000076b200000)
  object space 175104K, 1% used [0x00000006c1600000,0x00000006c1906ca8,0x00000006cc100000)
 Metaspace       used 20912K, capacity 21096K, committed 21296K, reserved 1069056K
  class space    used 2635K, capacity 2671K, committed 2688K, reserved 1048576K
Event: 1.913 GC heap after
Heap after GC invocations=4 (full 1):
 PSYoungGen      total 141824K, used 0K [0x000000076b200000, 0x000000077c700000, 0x00000007c0000000)
  eden space 131072K, 0% used [0x000000076b200000,0x000000076b200000,0x0000000773200000)
  from space 10752K, 0% used [0x0000000773200000,0x0000000773200000,0x0000000773c80000)
  to   space 10752K, 0% used [0x000000077bc80000,0x000000077bc80000,0x000000077c700000)
 ParOldGen       total 100864K, used 10924K [0x00000006c1600000, 0x00000006c7880000, 0x000000076b200000)
  object space 100864K, 10% used [0x00000006c1600000,0x00000006c20ab068,0x00000006c7880000)
 Metaspace       used 20912K, capacity 21096K, committed 21296K, reserved 1069056K
  class space    used 2635K, capacity 2671K, committed 2688K, reserved 1048576K
}
Event: 2.827 GC heap before
{Heap before GC invocations=5 (full 1):
 PSYoungGen      total 141824K, used 131072K [0x000000076b200000, 0x000000077c700000, 0x00000007c0000000)
  eden space 131072K, 100% used [0x000000076b200000,0x0000000773200000,0x0000000773200000)
  from space 10752K, 0% used [0x0000000773200000,0x0000000773200000,0x0000000773c80000)
  to   space 10752K, 0% used [0x000000077bc80000,0x000000077bc80000,0x000000077c700000)
 ParOldGen       total 100864K, used 10924K [0x00000006c1600000, 0x00000006c7880000, 0x000000076b200000)
  object space 100864K, 10% used [0x00000006c1600000,0x00000006c20ab068,0x00000006c7880000)
 Metaspace       used 23382K, capacity 23600K, committed 23808K, reserved 1071104K
  class space    used 2948K, capacity 3003K, committed 3072K, reserved 1048576K
Event: 2.846 GC heap after
Heap after GC invocations=5 (full 1):
 PSYoungGen      total 224768K, used 6676K [0x000000076b200000, 0x000000077c380000, 0x00000007c0000000)
  eden space 217600K, 0% used [0x000000076b200000,0x000000076b200000,0x0000000778680000)
  from space 7168K, 93% used [0x000000077bc80000,0x000000077c305160,0x000000077c380000)
  to   space 10752K, 0% used [0x000000077ae80000,0x000000077ae80000,0x000000077b900000)
 ParOldGen       total 100864K, used 10932K [0x00000006c1600000, 0x00000006c7880000, 0x000000076b200000)
  object space 100864K, 10% used [0x00000006c1600000,0x00000006c20ad068,0x00000006c7880000)
 Metaspace       used 23382K, capacity 23600K, committed 23808K, reserved 1071104K
  class space    used 2948K, capacity 3003K, committed 3072K, reserved 1048576K
}
Event: 3.819 GC heap before
{Heap before GC invocations=6 (full 1):
 PSYoungGen      total 224768K, used 224276K [0x000000076b200000, 0x000000077c380000, 0x00000007c0000000)
  eden space 217600K, 100% used [0x000000076b200000,0x0000000778680000,0x0000000778680000)
  from space 7168K, 93% used [0x000000077bc80000,0x000000077c305160,0x000000077c380000)
  to   space 10752K, 0% used [0x000000077ae80000,0x000000077ae80000,0x000000077b900000)
 ParOldGen       total 100864K, used 10932K [0x00000006c1600000, 0x00000006c7880000, 0x000000076b200000)
  object space 100864K, 10% used [0x00000006c1600000,0x00000006c20ad068,0x00000006c7880000)
 Metaspace       used 26730K, capacity 26974K, committed 27136K, reserved 1073152K
  class space    used 3440K, capacity 3496K, committed 3584K, reserved 1048576K
Event: 3.830 GC heap after
Heap after GC invocations=6 (full 1):
 PSYoungGen      total 228352K, used 10742K [0x000000076b200000, 0x000000077c380000, 0x00000007c0000000)
  eden space 217600K, 0% used [0x000000076b200000,0x000000076b200000,0x0000000778680000)
  from space 10752K, 99% used [0x000000077ae80000,0x000000077b8fd9e0,0x000000077b900000)
  to   space 7168K, 0% used [0x000000077bc80000,0x000000077bc80000,0x000000077c380000)
 ParOldGen       total 100864K, used 14931K [0x00000006c1600000, 0x00000006c7880000, 0x000000076b200000)
  object space 100864K, 14% used [0x00000006c1600000,0x00000006c2494c20,0x00000006c7880000)
 Metaspace       used 26730K, capacity 26974K, committed 27136K, reserved 1073152K
  class space    used 3440K, capacity 3496K, committed 3584K, reserved 1048576K
}

