# JRE version: Java(TM) SE Runtime Environment (8.0_45-b15) (build 1.8.0_45-b15)
# Java VM: Java HotSpot(TM) 64-Bit Server VM (25.45-b02 mixed mode windows-amd64 compressed oops)
Heap:
 PSYoungGen      total 141824K, used 14130K [0x000000076b200000, 0x0000000774700000, 0x00000007c0000000)
  eden space 131072K, 10% used [0x000000076b200000,0x000000076bfcc8f8,0x0000000773200000)
  from space 10752K, 0% used [0x0000000773c80000,0x0000000773c80000,0x0000000774700000)
  to   space 10752K, 0% used [0x0000000773200000,0x0000000773200000,0x0000000773c80000)
 ParOldGen       total 84480K, used 10577K [0x00000006c1600000, 0x00000006c6880000, 0x000000076b200000)
  object space 84480K, 12% used [0x00000006c1600000,0x00000006c2054438,0x00000006c6880000)
 Metaspace       used 17495K, capacity 17580K, committed 17920K, reserved 1067008K
  class space    used 2165K, capacity 2187K, committed 2304K, reserved 1048576K
GC Heap History (3 events):
Event: 1.352 GC heap before
{Heap before GC invocations=1 (full 0):
 PSYoungGen      total 76288K, used 65536K [0x000000076b200000, 0x0000000770700000, 0x00000007c0000000)
  eden space 65536K, 100% used [0x000000076b200000,0x000000076f200000,0x000000076f200000)
  from space 10752K, 0% used [0x000000076fc80000,0x000000076fc80000,0x0000000770700000)
  to   space 10752K, 0% used [0x000000076f200000,0x000000076f200000,0x000000076fc80000)
 ParOldGen       total 175104K, used 0K [0x00000006c1600000, 0x00000006cc100000, 0x000000076b200000)
  object space 175104K, 0% used [0x00000006c1600000,0x00000006c1600000,0x00000006cc100000)
 Metaspace       used 9043K, capacity 9194K, committed 9344K, reserved 1056768K
  class space    used 1091K, capacity 1141K, committed 1152K, reserved 1048576K
Event: 1.460 GC heap after
Heap after GC invocations=1 (full 0):
 PSYoungGen      total 76288K, used 5774K [0x000000076b200000, 0x0000000774700000, 0x00000007c0000000)
  eden space 65536K, 0% used [0x000000076b200000,0x000000076b200000,0x000000076f200000)
  from space 10752K, 53% used [0x000000076f200000,0x000000076f7a3888,0x000000076fc80000)
  to   space 10752K, 0% used [0x0000000773c80000,0x0000000773c80000,0x0000000774700000)
 ParOldGen       total 175104K, used 16K [0x00000006c1600000, 0x00000006cc100000, 0x000000076b200000)
  object space 175104K, 0% used [0x00000006c1600000,0x00000006c1604000,0x00000006cc100000)
 Metaspace       used 9043K, capacity 9194K, committed 9344K, reserved 1056768K
  class space    used 1091K, capacity 1141K, committed 1152K, reserved 1048576K
}
Event: 2.054 GC heap before
{Heap before GC invocations=2 (full 0):
 PSYoungGen      total 76288K, used 61338K [0x000000076b200000, 0x0000000774700000, 0x00000007c0000000)
  eden space 65536K, 84% used [0x000000076b200000,0x000000076e843020,0x000000076f200000)
  from space 10752K, 53% used [0x000000076f200000,0x000000076f7a3888,0x000000076fc80000)
  to   space 10752K, 0% used [0x0000000773c80000,0x0000000773c80000,0x0000000774700000)
 ParOldGen       total 175104K, used 16K [0x00000006c1600000, 0x00000006cc100000, 0x000000076b200000)
  object space 175104K, 0% used [0x00000006c1600000,0x00000006c1604000,0x00000006cc100000)
 Metaspace       used 15098K, capacity 15210K, committed 15232K, reserved 1067008K
  class space    used 1874K, capacity 1909K, committed 1920K, reserved 1048576K

